<?xml version="1.0" encoding="UTF-8"?>
<!-- Generated by org.testng.reporters.JUnitReportReporter -->
<testsuite hostname="DESKTOP-3BDBSD1" failures="0" tests="8" name="Runner.TestRunner" time="75.935" errors="0" timestamp="2025-02-28T17:21:22 IST" skipped="0">
  <testcase classname="Runner.TestRunner" name="runScenario" time="8.382"/>
  <testcase classname="Runner.TestRunner" name="runScenario" time="10.124"/>
  <testcase classname="Runner.TestRunner" name="runScenario" time="8.738"/>
  <testcase classname="Runner.TestRunner" name="runScenario" time="11.977"/>
  <testcase classname="Runner.TestRunner" name="runScenario" time="10.195"/>
  <testcase classname="Runner.TestRunner" name="runScenario" time="8.480"/>
  <testcase classname="Runner.TestRunner" name="runScenario" time="8.685"/>
  <testcase classname="Runner.TestRunner" name="runScenario" time="9.354"/>
</testsuite> <!-- Runner.TestRunner -->
