<?xml version="1.0" encoding="UTF-8"?>
<!-- Generated by org.testng.reporters.JUnitReportReporter -->
<testsuite hostname="DESKTOP-3BDBSD1" failures="0" tests="8" name="Runner.TestRunner" time="92.785" errors="0" timestamp="2025-03-03T11:08:12 IST" skipped="0">
  <testcase classname="Runner.TestRunner" name="runScenario" time="7.728"/>
  <testcase classname="Runner.TestRunner" name="runScenario" time="7.902"/>
  <testcase classname="Runner.TestRunner" name="runScenario" time="7.620"/>
  <testcase classname="Runner.TestRunner" name="runScenario" time="29.189"/>
  <testcase classname="Runner.TestRunner" name="runScenario" time="10.989"/>
  <testcase classname="Runner.TestRunner" name="runScenario" time="7.475"/>
  <testcase classname="Runner.TestRunner" name="runScenario" time="12.821"/>
  <testcase classname="Runner.TestRunner" name="runScenario" time="9.061"/>
</testsuite> <!-- Runner.TestRunner -->
